<?xml version="1.0" encoding="UTF-8"?>
<!-- Generated by org.testng.reporters.JUnitXMLReporter -->
<testsuite hostname="ranjithrekha-PC" ignored="0" name="Default test" tests="4" failures="0" timestamp="2021-07-04T13:18:28 IST" time="0.72" errors="0">
  <testcase name="books" time="0.051" classname="org.testng.GroupingMethod"/>
  <testcase name="green" time="0.009" classname="org.testng.GroupingMethod"/>
  <testcase name="notes" time="0.023" classname="org.testng.GroupingMethod"/>
  <testcase name="red" time="0.013" classname="org.testng.GroupingMethod"/>
</testsuite> <!-- Default test -->
