<?xml version="1.0" encoding="UTF-8"?>
<!-- Generated by org.testng.reporters.JUnitXMLReporter -->
<testsuite hostname="ranjithrekha-PC" ignored="3" tests="0" failures="0" timestamp="2021-07-04T13:16:53 IST" time="0.098" errors="0">
  <testcase name="pinkColor" time="0.0" classname="org.testng.IgnoreMethod">
    <ignored/>
  </testcase> <!-- pinkColor -->
  <testcase name="greenColor" time="0.0" classname="org.testng.IgnoreMethod">
    <ignored/>
  </testcase> <!-- greenColor -->
  <testcase name="redColor" time="0.0" classname="org.testng.IgnoreMethod">
    <ignored/>
  </testcase> <!-- redColor -->
</testsuite>
