<?xml version="1.0" encoding="UTF-8"?>
<!-- Generated by org.testng.reporters.JUnitXMLReporter -->
<testsuite hostname="ranjithrekha-PC" ignored="4" tests="0" failures="0" timestamp="2021-07-04T00:20:22 IST" time="0.04" errors="0">
  <testcase name="books" time="0.0" classname="org.testng.GroupingMethod">
    <ignored/>
  </testcase> <!-- books -->
  <testcase name="red" time="0.0" classname="org.testng.GroupingMethod">
    <ignored/>
  </testcase> <!-- red -->
  <testcase name="notes" time="0.0" classname="org.testng.GroupingMethod">
    <ignored/>
  </testcase> <!-- notes -->
  <testcase name="green" time="0.0" classname="org.testng.GroupingMethod">
    <ignored/>
  </testcase> <!-- green -->
</testsuite>
